CRITICAL - 2023-12-03 14:28:23 --> Class "Locale" not found
in SYSTEMPATH/CodeIgniter.php on line 218.
 1 ROOTPATH/spark(88): CodeIgniter\CodeIgniter->initialize()
CRITICAL - 2023-12-03 14:28:23 --> Uncaught Error: Class "Locale" not found in /home/jaykumar/shrikant/website/vendor/codeigniter4/framework/system/I18n/TimeTrait.php:74
Stack trace:
#0 /home/jaykumar/shrikant/website/vendor/codeigniter4/framework/system/I18n/TimeTrait.php(115): CodeIgniter\I18n\Time->__construct()
#1 /home/jaykumar/shrikant/website/vendor/codeigniter4/framework/system/HTTP/ResponseTrait.php(468): CodeIgniter\I18n\Time::now()
#2 /home/jaykumar/shrikant/website/vendor/codeigniter4/framework/system/HTTP/ResponseTrait.php(446): CodeIgniter\HTTP\Response->sendHeaders()
#3 /home/jaykumar/shrikant/website/vendor/codeigniter4/framework/system/Debug/ExceptionHandler.php(81): CodeIgniter\HTTP\Response->send()
#4 /home/jaykumar/shrikant/website/vendor/codeigniter4/framework/system/Debug/Exceptions.php(149): CodeIgniter\Debug\ExceptionHandler->handle()
#5 [internal function]: CodeIgniter\Debug\Exceptions->exceptionHandler()
#6 {main}
  thrown
【Previous Exception】
Error
Class "Locale" not found
#0 /home/jaykumar/shrikant/website/spark(88): CodeIgniter\CodeIgniter->initialize()
#1 {main}
in SYSTEMPATH/I18n/TimeTrait.php on line 74.
 1 [internal function]: CodeIgniter\Debug\Exceptions->shutdownHandler()
CRITICAL - 2023-12-03 14:40:19 --> Class "Locale" not found
in SYSTEMPATH/CodeIgniter.php on line 218.
 1 ROOTPATH/spark(88): CodeIgniter\CodeIgniter->initialize()
CRITICAL - 2023-12-03 14:40:19 --> Uncaught Error: Class "Locale" not found in /home/jaykumar/shrikant/website/vendor/codeigniter4/framework/system/I18n/TimeTrait.php:74
Stack trace:
#0 /home/jaykumar/shrikant/website/vendor/codeigniter4/framework/system/I18n/TimeTrait.php(115): CodeIgniter\I18n\Time->__construct()
#1 /home/jaykumar/shrikant/website/vendor/codeigniter4/framework/system/HTTP/ResponseTrait.php(468): CodeIgniter\I18n\Time::now()
#2 /home/jaykumar/shrikant/website/vendor/codeigniter4/framework/system/HTTP/ResponseTrait.php(446): CodeIgniter\HTTP\Response->sendHeaders()
#3 /home/jaykumar/shrikant/website/vendor/codeigniter4/framework/system/Debug/ExceptionHandler.php(81): CodeIgniter\HTTP\Response->send()
#4 /home/jaykumar/shrikant/website/vendor/codeigniter4/framework/system/Debug/Exceptions.php(149): CodeIgniter\Debug\ExceptionHandler->handle()
#5 [internal function]: CodeIgniter\Debug\Exceptions->exceptionHandler()
#6 {main}
  thrown
【Previous Exception】
Error
Class "Locale" not found
#0 /home/jaykumar/shrikant/website/spark(88): CodeIgniter\CodeIgniter->initialize()
#1 {main}
in SYSTEMPATH/I18n/TimeTrait.php on line 74.
 1 [internal function]: CodeIgniter\Debug\Exceptions->shutdownHandler()
CRITICAL - 2023-12-03 14:44:07 --> Class "Locale" not found
in SYSTEMPATH/CodeIgniter.php on line 218.
 1 ROOTPATH/spark(88): CodeIgniter\CodeIgniter->initialize()
CRITICAL - 2023-12-03 14:44:07 --> Uncaught Error: Class "Locale" not found in /home/jaykumar/shrikant/website/vendor/codeigniter4/framework/system/I18n/TimeTrait.php:74
Stack trace:
#0 /home/jaykumar/shrikant/website/vendor/codeigniter4/framework/system/I18n/TimeTrait.php(115): CodeIgniter\I18n\Time->__construct()
#1 /home/jaykumar/shrikant/website/vendor/codeigniter4/framework/system/HTTP/ResponseTrait.php(468): CodeIgniter\I18n\Time::now()
#2 /home/jaykumar/shrikant/website/vendor/codeigniter4/framework/system/HTTP/ResponseTrait.php(446): CodeIgniter\HTTP\Response->sendHeaders()
#3 /home/jaykumar/shrikant/website/vendor/codeigniter4/framework/system/Debug/ExceptionHandler.php(81): CodeIgniter\HTTP\Response->send()
#4 /home/jaykumar/shrikant/website/vendor/codeigniter4/framework/system/Debug/Exceptions.php(149): CodeIgniter\Debug\ExceptionHandler->handle()
#5 [internal function]: CodeIgniter\Debug\Exceptions->exceptionHandler()
#6 {main}
  thrown
【Previous Exception】
Error
Class "Locale" not found
#0 /home/jaykumar/shrikant/website/spark(88): CodeIgniter\CodeIgniter->initialize()
#1 {main}
in SYSTEMPATH/I18n/TimeTrait.php on line 74.
 1 [internal function]: CodeIgniter\Debug\Exceptions->shutdownHandler()
CRITICAL - 2023-12-03 09:16:02 --> Call to undefined function CodeIgniter\CLI\mb_strpos()
in SYSTEMPATH/CLI/CLI.php on line 906.
 1 SYSTEMPATH/CLI/CLI.php(175): CodeIgniter\CLI\CLI::parseCommandLine()
 2 SYSTEMPATH/CLI/CLI.php(1153): CodeIgniter\CLI\CLI::init()
 3 SYSTEMPATH/Autoloader/Autoloader.php(312): include_once('/home/jaykumar/shrikant/website/vendor/codeigniter4/framework/system/CLI/CLI.php')
 4 SYSTEMPATH/Autoloader/Autoloader.php(256): CodeIgniter\Autoloader\Autoloader->includeFile()
 5 SYSTEMPATH/CLI/Console.php(60): CodeIgniter\Autoloader\Autoloader->loadClassmap()
 6 ROOTPATH/spark(99): CodeIgniter\CLI\Console->showHeader()
CRITICAL - 2023-12-03 09:18:31 --> Call to undefined function CodeIgniter\CLI\mb_strpos()
in SYSTEMPATH/CLI/CLI.php on line 906.
 1 SYSTEMPATH/CLI/CLI.php(175): CodeIgniter\CLI\CLI::parseCommandLine()
 2 SYSTEMPATH/CLI/CLI.php(1153): CodeIgniter\CLI\CLI::init()
 3 SYSTEMPATH/Autoloader/Autoloader.php(312): include_once('/home/jaykumar/shrikant/website/vendor/codeigniter4/framework/system/CLI/CLI.php')
 4 SYSTEMPATH/Autoloader/Autoloader.php(256): CodeIgniter\Autoloader\Autoloader->includeFile()
 5 SYSTEMPATH/CLI/Console.php(60): CodeIgniter\Autoloader\Autoloader->loadClassmap()
 6 ROOTPATH/spark(99): CodeIgniter\CLI\Console->showHeader()
